d:\dev\projcode\megviewer\megviewer\x64\debug\vc120.pdb
d:\dev\projcode\megviewer\megviewer\x64\debug\megviewer.obj
d:\dev\projcode\megviewer\megviewer\x64\debug\mainwidget.obj
d:\dev\projcode\megviewer\megviewer\x64\debug\main.obj
d:\dev\projcode\megviewer\megviewer\x64\debug\moc_megviewer.obj
d:\dev\projcode\megviewer\megviewer\x64\debug\moc_mainwidget.obj
d:\dev\projcode\megviewer\megviewer\x64\debug\qrc_megviewer.obj
d:\dev\projcode\megviewer\megviewer\generatedfiles\debug\moc_megviewer.cpp
d:\dev\projcode\megviewer\megviewer\generatedfiles\ui_megviewer.h
d:\dev\projcode\megviewer\megviewer\generatedfiles\debug\moc_mainwidget.cpp
d:\dev\projcode\megviewer\megviewer\generatedfiles\qrc_megviewer.cpp
d:\dev\projcode\megviewer\x64\debug\megviewer.ilk
d:\dev\projcode\megviewer\x64\debug\megviewer.exe
d:\dev\projcode\megviewer\x64\debug\megviewer.pdb
d:\dev\projcode\megviewer\megviewer\x64\debug\megviewer.tlog\cl.command.1.tlog
d:\dev\projcode\megviewer\megviewer\x64\debug\megviewer.tlog\cl.read.1.tlog
d:\dev\projcode\megviewer\megviewer\x64\debug\megviewer.tlog\cl.write.1.tlog
d:\dev\projcode\megviewer\megviewer\x64\debug\megviewer.tlog\custombuild.command.1.tlog
d:\dev\projcode\megviewer\megviewer\x64\debug\megviewer.tlog\custombuild.read.1.tlog
d:\dev\projcode\megviewer\megviewer\x64\debug\megviewer.tlog\custombuild.write.1.tlog
d:\dev\projcode\megviewer\megviewer\x64\debug\megviewer.tlog\link.command.1.tlog
d:\dev\projcode\megviewer\megviewer\x64\debug\megviewer.tlog\link.read.1.tlog
d:\dev\projcode\megviewer\megviewer\x64\debug\megviewer.tlog\link.write.1.tlog
